
Welcome to Gradle 7.6.4!

Here are the highlights of this release:
 - Added support for Java 19.
 - Introduced `--rerun` flag for individual task rerun.
 - Improved dependency block for test suites to be strongly typed.
 - Added a pluggable system for Java toolchains provisioning.

For more details see https://docs.gradle.org/7.6.4/release-notes.html

Starting a Gradle Daemon (subsequent builds will be faster)


[2A[1B[1m> Starting Daemon[m[17D[1B[1A> IDLE[0K[6D[1B[2A[1m<[0;1m-------------> 0% INITIALIZING [22ms][m[38D[2B[2A[1m<[0;1m-------------> 0% INITIALIZING [122ms][m[39D[2B[2A[1m<[0;1m-------------> 0% INITIALIZING [222ms][m[39D[2B[2A[1m<[0;1m-------------> 0% INITIALIZING [322ms][m[39D[2B[2A[1m<[0;1m-------------> 0% INITIALIZING [422ms][m[39D[2B[2A[1m<[0;1m-------------> 0% INITIALIZING [522ms][m[39D[1B[1m> Evaluating settings[m[21D[1B[2A[1m<[0;1m-------------> 0% INITIALIZING [622ms][m[39D[2B[2A[1m<[0;1m-------------> 0% INITIALIZING [722ms][m[39D[2B[2A[1m<[0;1m-------------> 0% INITIALIZING [822ms][m[39D[2B[2A[1m<[0;1m-------------> 0% INITIALIZING [922ms][m[39D[2B[2A[1m<[0;1m-------------> 0% INITIALIZING [1s][m[0K[36D[2B[1A[1m> Evaluating settings > Compiling settings file 'settings.gradle'[m[65D[1B[1A[1m> Evaluating settings[m[0K[21D[1B[1A[1m> Evaluating settings > Compiling settings file 'settings.gradle'[m[65D[1B[1A[1m> Evaluating settings[m[0K[21D[1B[1A> IDLE[0K[6D[1B[2A[1m<[0;1m-------------> 0% CONFIGURING [1s][m[0K[35D[1B[1m> root project[m[14D[1B[2A[1m<[0;1m-------------> 0% CONFIGURING [2s][m[35D[2B[2A[1m<[0;32;1m======[0;39;1m-------> 50% CONFIGURING [2s][m[36D[1B[1m> :lib > Compiling build file 'lib/build.gradle'[m[48D[1B[1A[1m> :lib[m[0K[6D[1B[2A[1m<[0;32;1m=============[0;39;1m> 100% CONFIGURING [2s][m[37D[1B> IDLE[6D[1B[2A[1m<[0;32;1m=============[0;39;1m> 100% CONFIGURING [3s][m[37D[2B[2A[1m<[0;1m-------------> 0% EXECUTING [3s][m[0K[33D[2B[1A[1m> :lib:compileReleaseCpp[m[24D[1B[2A[0K
[1m> Task :lib:compileReleaseCpp[m
Appending implementation to build cache key: org.gradle.language.cpp.tasks.CppCompile_Decorated@531869057d90e73ca2026aa1fb95725d
Appending additional implementation to build cache key: org.gradle.language.cpp.tasks.CppCompile_Decorated@531869057d90e73ca2026aa1fb95725d
Appending input value fingerprint for 'compilerArgs' to build cache key: 8222d82255460164427051d7537fa305
Appending input value fingerprint for 'compilerVersion' to build cache key: cc37ced03904da05cce6e71e5a62517f
Appending input value fingerprint for 'compilerVersion.type' to build cache key: 1aa1eb0ea3a9bf255a7b5489f4f6acc4
Appending input value fingerprint for 'compilerVersion.vendor' to build cache key: d65e4da1484c96b8e9f0ac572d326af5
Appending input value fingerprint for 'compilerVersion.version' to build cache key: 154e636894f9534d2c3ed515387557fa
Appending input value fingerprint for 'debuggable' to build cache key: f6d7ed39fe24031e22d54f3fe65b901c
Appending input value fingerprint for 'macros' to build cache key: cfcc5f871f42c7c797557fd17748dc17
Appending input value fingerprint for 'optimized' to build cache key: f6d7ed39fe24031e22d54f3fe65b901c
Appending input value fingerprint for 'positionIndependentCode' to build cache key: f6d7ed39fe24031e22d54f3fe65b901c
Appending input value fingerprint for 'targetPlatform' to build cache key: 1a511fdc15c8ea4f13e061b7c0a197be
Appending input value fingerprint for 'targetPlatform.architecture' to build cache key: a9a1bbf6a476138d0ddb3a966892c88b
Appending input value fingerprint for 'targetPlatform.architecture.name' to build cache key: 3eb15c64926276b9836b2ee0a31d548a
Appending input value fingerprint for 'targetPlatform.name' to build cache key: f74c7b4fc5fd289e377de292357a5128
Appending input value fingerprint for 'targetPlatform.operatingSystem' to build cache key: f3a26ad430c74f7c90804d3248f9ae0d
Appending input value fingerprint for 'targetPlatform.operatingSystem.name' to build cache key: ca46b47e17bbedccaa6512fe96577455
Appending input file fingerprints for 'headerDependencies' to build cache key: 6e59715225a0ea1c026c330578431d86 - NAME_ONLY{/wrk/xcohdnobkup4/premasai/sample-same-cache-key-for-different-source-paths/lib/src/main/cpp/a.h='a.h' / e947ef1d324f7aa36377aebb183956df, /wrk/xcohdnobkup4/premasai/sample-same-cache-key-for-different-source-paths/lib/src/main/cpp/b.h='b.h' / c5743d6c3072103cf1c565fef3aabf02}
Appending input file fingerprints for 'source' to build cache key: 39af45771c6f79255e944f62c1c8b0b9 - RELATIVE_PATH{/wrk/xcohdnobkup4/premasai/sample-same-cache-key-for-different-source-paths/lib/src/main/cpp/b.cpp='b.cpp' / 1a6a14d1723ca91c9ab05ed9189c31f0, /wrk/xcohdnobkup4/premasai/sample-same-cache-key-for-different-source-paths/lib/src/main/cpp/a.cpp='a.cpp' / 16d92aa56b21c1a6a1c370d668618d1c}
Appending output property name to build cache key: objectFileDir
Build cache key for task ':lib:compileReleaseCpp' is a25ec34f8127163666403aa97a26ada8
[0K
[0K
[2A[1m<[0;32;1m==[0;39;1m-----------> 20% EXECUTING [3s][m[34D[1B[1m> :lib:linkRelease[m[18D[1B[2A[0K
[1m> Task :lib:linkRelease[m
Appending implementation to build cache key: org.gradle.nativeplatform.tasks.LinkSharedLibrary_Decorated@531869057d90e73ca2026aa1fb95725d
Appending additional implementation to build cache key: org.gradle.nativeplatform.tasks.LinkSharedLibrary_Decorated@531869057d90e73ca2026aa1fb95725d
Appending input value fingerprint for 'compilerVersion' to build cache key: cc37ced03904da05cce6e71e5a62517f
Appending input value fingerprint for 'compilerVersion.type' to build cache key: 1aa1eb0ea3a9bf255a7b5489f4f6acc4
Appending input value fingerprint for 'compilerVersion.vendor' to build cache key: d65e4da1484c96b8e9f0ac572d326af5
Appending input value fingerprint for 'compilerVersion.version' to build cache key: 154e636894f9534d2c3ed515387557fa
Appending input value fingerprint for 'debuggable' to build cache key: f6d7ed39fe24031e22d54f3fe65b901c
Appending input value fingerprint for 'installName' to build cache key: a8feeabc222313b2ac4e7704ec28e688
Appending input value fingerprint for 'linkerArgs' to build cache key: 8222d82255460164427051d7537fa305
Appending input value fingerprint for 'targetPlatform' to build cache key: 1a511fdc15c8ea4f13e061b7c0a197be
Appending input value fingerprint for 'targetPlatform.architecture' to build cache key: a9a1bbf6a476138d0ddb3a966892c88b
Appending input value fingerprint for 'targetPlatform.architecture.name' to build cache key: 3eb15c64926276b9836b2ee0a31d548a
Appending input value fingerprint for 'targetPlatform.name' to build cache key: f74c7b4fc5fd289e377de292357a5128
Appending input value fingerprint for 'targetPlatform.operatingSystem' to build cache key: f3a26ad430c74f7c90804d3248f9ae0d
Appending input value fingerprint for 'targetPlatform.operatingSystem.name' to build cache key: ca46b47e17bbedccaa6512fe96577455
Appending input file fingerprints for 'libs' to build cache key: 5fd1e7396e8de4cb5c23dc6aadd7787a - RELATIVE_PATH{EMPTY}
Appending input file fingerprints for 'source' to build cache key: 48a7b7043a48e61b3dd8e0e421e5dc17 - RELATIVE_PATH{/wrk/xcohdnobkup4/premasai/sample-same-cache-key-for-different-source-paths/lib/build/obj/main/release/3362pzgb8v6u5g3ibhmgh60ns/a.o='3362pzgb8v6u5g3ibhmgh60ns/a.o' / b5ab8219604da232e7129768ec63d9e0, /wrk/xcohdnobkup4/premasai/sample-same-cache-key-for-different-source-paths/lib/build/obj/main/release/cjhn1xcwq2x5dfvf41hilmn6y/b.o='cjhn1xcwq2x5dfvf41hilmn6y/b.o' / 2973bcee1c770858d9b830744c45e37f}
Appending output property name to build cache key: destinationDirectory
Appending output property name to build cache key: linkedFile
Non-cacheable because Not made cacheable, yet [NOT_CACHEABLE]

[1m> Task :lib:extractSymbolsRelease[m
Appending implementation to build cache key: org.gradle.nativeplatform.tasks.ExtractSymbols_Decorated@531869057d90e73ca2026aa1fb95725d
Appending additional implementation to build cache key: org.gradle.nativeplatform.tasks.ExtractSymbols_Decorated@531869057d90e73ca2026aa1fb95725d
Appending input value fingerprint for 'targetPlatform' to build cache key: 1a511fdc15c8ea4f13e061b7c0a197be
Appending input value fingerprint for 'targetPlatform.architecture' to build cache key: a9a1bbf6a476138d0ddb3a966892c88b
Appending input value fingerprint for 'targetPlatform.architecture.name' to build cache key: 3eb15c64926276b9836b2ee0a31d548a
Appending input value fingerprint for 'targetPlatform.name' to build cache key: f74c7b4fc5fd289e377de292357a5128
Appending input value fingerprint for 'targetPlatform.operatingSystem' to build cache key: f3a26ad430c74f7c90804d3248f9ae0d
Appending input value fingerprint for 'targetPlatform.operatingSystem.name' to build cache key: ca46b47e17bbedccaa6512fe96577455
Appending input file fingerprints for 'binaryFile' to build cache key: f9d335885bdcf960612845381e45fd4b - IGNORED_PATH{/wrk/xcohdnobkup4/premasai/sample-same-cache-key-for-different-source-paths/lib/build/lib/main/release/liblib.so=IGNORED / 23f9078d898a9d25a27891ca0840f837}
Appending output property name to build cache key: symbolFile
Non-cacheable because Not made cacheable, yet [NOT_CACHEABLE]

[1m> Task :lib:stripSymbolsRelease[m
Appending implementation to build cache key: org.gradle.nativeplatform.tasks.StripSymbols_Decorated@531869057d90e73ca2026aa1fb95725d
Appending additional implementation to build cache key: org.gradle.nativeplatform.tasks.StripSymbols_Decorated@531869057d90e73ca2026aa1fb95725d
Appending input value fingerprint for 'targetPlatform' to build cache key: 1a511fdc15c8ea4f13e061b7c0a197be
Appending input value fingerprint for 'targetPlatform.architecture' to build cache key: a9a1bbf6a476138d0ddb3a966892c88b
Appending input value fingerprint for 'targetPlatform.architecture.name' to build cache key: 3eb15c64926276b9836b2ee0a31d548a
Appending input value fingerprint for 'targetPlatform.name' to build cache key: f74c7b4fc5fd289e377de292357a5128
Appending input value fingerprint for 'targetPlatform.operatingSystem' to build cache key: f3a26ad430c74f7c90804d3248f9ae0d
Appending input value fingerprint for 'targetPlatform.operatingSystem.name' to build cache key: ca46b47e17bbedccaa6512fe96577455
Appending input file fingerprints for 'binaryFile' to build cache key: f9d335885bdcf960612845381e45fd4b - IGNORED_PATH{/wrk/xcohdnobkup4/premasai/sample-same-cache-key-for-different-source-paths/lib/build/lib/main/release/liblib.so=IGNORED / 23f9078d898a9d25a27891ca0840f837}
Appending output property name to build cache key: outputFile
Non-cacheable because Not made cacheable, yet [NOT_CACHEABLE]

[1m> Task :lib:assembleRelease[m

[32;1mBUILD SUCCESSFUL[0;39m in 5s
4 actionable tasks: 4 executed
[0K
[0K
[2A[1m<[0;32;1m=============[0;39;1m> 100% EXECUTING [3s][m[35D[1B> IDLE[6D[1B[2A[1m<[0;1m-------------> 0% WAITING[m[0K[26D[2B[2A[2K[1B[2K[1A